<?xml version="1.0" encoding="UTF-8"?>
<testng-results ignored="0" total="1" passed="1" failed="0" skipped="0">
  <reporter-output>
  </reporter-output>
  <suite started-at="2026-04-18T12:53:51 IST" name="Default suite" finished-at="2026-04-18T12:54:04 IST" duration-ms="12225">
    <groups>
    </groups>
    <test started-at="2026-04-18T12:53:51 IST" name="Default test" finished-at="2026-04-18T12:54:04 IST" duration-ms="12225">
      <class name="tests.LoginTest">
        <test-method is-config="true" signature="setUp()[pri:0, instance:tests.LoginTest@235834f2]" started-at="2026-04-18T12:53:51 IST" name="setUp" finished-at="2026-04-18T12:54:00 IST" duration-ms="9008" status="PASS">
          <reporter-output>
          </reporter-output>
        </test-method> <!-- setUp -->
        <test-method is-config="true" signature="initPages()[pri:0, instance:tests.LoginTest@235834f2]" started-at="2026-04-18T12:54:00 IST" name="initPages" finished-at="2026-04-18T12:54:00 IST" duration-ms="3" status="PASS">
          <reporter-output>
          </reporter-output>
        </test-method> <!-- initPages -->
        <test-method signature="validLoginTest()[pri:0, instance:tests.LoginTest@235834f2]" started-at="2026-04-18T12:54:00 IST" name="validLoginTest" finished-at="2026-04-18T12:54:03 IST" duration-ms="3032" status="PASS">
          <reporter-output>
          </reporter-output>
        </test-method> <!-- validLoginTest -->
        <test-method is-config="true" signature="tearDown()[pri:0, instance:tests.LoginTest@235834f2]" started-at="2026-04-18T12:54:03 IST" name="tearDown" finished-at="2026-04-18T12:54:04 IST" duration-ms="135" status="PASS">
          <reporter-output>
          </reporter-output>
        </test-method> <!-- tearDown -->
      </class> <!-- tests.LoginTest -->
    </test> <!-- Default test -->
  </suite> <!-- Default suite -->
</testng-results>
