<?xml version="1.0" encoding="UTF-8"?>
<testng-results ignored="0" total="2" passed="2" failed="0" skipped="0">
  <reporter-output>
  </reporter-output>
  <suite started-at="2026-04-19T02:46:52 IST" name="Default suite" finished-at="2026-04-19T02:47:07 IST" duration-ms="14234">
    <groups>
    </groups>
    <test started-at="2026-04-19T02:46:52 IST" name="Default test" finished-at="2026-04-19T02:47:07 IST" duration-ms="14234">
      <class name="tests.LoginTest">
        <test-method is-config="true" signature="setUp()[pri:0, instance:tests.LoginTest@292b08d6]" started-at="2026-04-19T02:46:52 IST" name="setUp" finished-at="2026-04-19T02:46:54 IST" duration-ms="1526" status="PASS">
          <reporter-output>
          </reporter-output>
        </test-method> <!-- setUp -->
        <test-method is-config="true" signature="initPages()[pri:0, instance:tests.LoginTest@292b08d6]" started-at="2026-04-19T02:46:54 IST" name="initPages" finished-at="2026-04-19T02:46:59 IST" duration-ms="4616" status="PASS">
          <reporter-output>
          </reporter-output>
        </test-method> <!-- initPages -->
        <test-method signature="validLoginTest()[pri:1, instance:tests.LoginTest@292b08d6]" started-at="2026-04-19T02:46:59 IST" name="validLoginTest" finished-at="2026-04-19T02:47:01 IST" duration-ms="2673" status="PASS">
          <reporter-output>
          </reporter-output>
        </test-method> <!-- validLoginTest -->
        <test-method is-config="true" signature="clearSession()[pri:0, instance:tests.LoginTest@292b08d6]" started-at="2026-04-19T02:47:01 IST" name="clearSession" finished-at="2026-04-19T02:47:02 IST" duration-ms="1049" status="PASS">
          <reporter-output>
          </reporter-output>
        </test-method> <!-- clearSession -->
        <test-method is-config="true" signature="initPages()[pri:0, instance:tests.LoginTest@292b08d6]" started-at="2026-04-19T02:47:02 IST" name="initPages" finished-at="2026-04-19T02:47:03 IST" duration-ms="780" status="PASS">
          <reporter-output>
          </reporter-output>
        </test-method> <!-- initPages -->
        <test-method signature="invalidLoginTest_1()[pri:2, instance:tests.LoginTest@292b08d6]" started-at="2026-04-19T02:47:03 IST" name="invalidLoginTest_1" finished-at="2026-04-19T02:47:06 IST" duration-ms="2571" status="PASS">
          <reporter-output>
          </reporter-output>
        </test-method> <!-- invalidLoginTest_1 -->
        <test-method is-config="true" signature="clearSession()[pri:0, instance:tests.LoginTest@292b08d6]" started-at="2026-04-19T02:47:06 IST" name="clearSession" finished-at="2026-04-19T02:47:07 IST" duration-ms="827" status="PASS">
          <reporter-output>
          </reporter-output>
        </test-method> <!-- clearSession -->
        <test-method is-config="true" signature="tearDown()[pri:0, instance:tests.LoginTest@292b08d6]" started-at="2026-04-19T02:47:07 IST" name="tearDown" finished-at="2026-04-19T02:47:07 IST" duration-ms="134" status="PASS">
          <reporter-output>
          </reporter-output>
        </test-method> <!-- tearDown -->
      </class> <!-- tests.LoginTest -->
    </test> <!-- Default test -->
  </suite> <!-- Default suite -->
</testng-results>
